<?xml version="1.0" encoding="UTF-8"?>
<!-- Generated by org.testng.reporters.JUnitReportReporter -->
<testsuite hostname="Bikash" failures="0" tests="1" name="com.NewframeWork.Newframework.Homepage" time="13.197" errors="0" timestamp="2021-02-21T13:45:57 IST" skipped="0">
  <testcase classname="com.NewframeWork.Newframework.Homepage" name="test2" time="13.197"/>
  <system-out/>
</testsuite> <!-- com.NewframeWork.Newframework.Homepage -->
