<?xml version="1.0" encoding="UTF-8"?>
<!-- Generated by org.testng.reporters.JUnitReportReporter -->
<testsuite hostname="Bikash" failures="0" tests="5" name="dataProvaider.DataprovaiderTestData" time="0.027" errors="0" timestamp="2021-06-04T12:01:32 IST" skipped="0">
  <testcase classname="dataProvaider.DataprovaiderTestData" name="print" time="0.007"/>
  <system-out/>
  <testcase classname="dataProvaider.DataprovaiderTestData" name="print" time="0.005"/>
  <system-out/>
  <testcase classname="dataProvaider.DataprovaiderTestData" name="print" time="0.011"/>
  <system-out/>
  <testcase classname="dataProvaider.DataprovaiderTestData" name="print" time="0.003"/>
  <system-out/>
  <testcase classname="dataProvaider.DataprovaiderTestData" name="print" time="0.001"/>
  <system-out/>
</testsuite> <!-- dataProvaider.DataprovaiderTestData -->
