<?xml version="1.0" encoding="UTF-8"?>
<!-- Generated by org.testng.reporters.JUnitReportReporter -->
<testsuite hostname="Bikash" failures="0" tests="1" name="com.NewframeWork.Newframework.Testing" time="11.545" errors="0" timestamp="2021-02-21T09:47:04 IST" skipped="0">
  <testcase classname="com.NewframeWork.Newframework.Testing" name="test2" time="11.545"/>
  <system-out/>
</testsuite> <!-- com.NewframeWork.Newframework.Testing -->
