<?xml version="1.0" encoding="UTF-8"?>
<!-- Generated by org.testng.reporters.JUnitReportReporter -->
<testsuite hostname="Bikash" failures="0" tests="2" name="com.NewframeWork.Newframework.Base" time="30.441" errors="0" timestamp="2021-02-21T11:56:00 IST" skipped="0">
  <testcase classname="com.NewframeWork.Newframework.Base" name="test1" time="17.355"/>
  <system-out/>
  <testcase classname="com.NewframeWork.Newframework.Base" name="test2" time="13.086"/>
  <system-out/>
</testsuite> <!-- com.NewframeWork.Newframework.Base -->
