<?xml version="1.0" encoding="UTF-8"?>
<!-- Generated by org.testng.reporters.JUnitReportReporter -->
<testsuite hostname="Bikash" failures="0" tests="4" name="dataProvaider.LoginTest" time="36.770" errors="0" timestamp="2021-04-13T06:09:32 IST" skipped="1">
  <testcase classname="dataProvaider.LoginTest" name="testWithExcelAndTable" time="3.259"/>
  <system-out/>
  <testcase classname="dataProvaider.LoginTest" name="testWithExcelAndTable" time="21.936"/>
  <system-out/>
  <testcase classname="dataProvaider.LoginTest" name="testWithExcelAndTable" time="11.575"/>
  <system-out/>
  <testcase classname="dataProvaider.LoginTest" name="testWithExcel">
    <skipped/>
  </testcase> <!-- testWithExcel -->
  <system-out/>
</testsuite> <!-- dataProvaider.LoginTest -->
