<?xml version="1.0" encoding="UTF-8"?>
<!-- Generated by org.testng.reporters.JUnitReportReporter -->
<testsuite hostname="Bikash" failures="0" tests="5" name="com.tranzack.LoginVerification" time="26.456" errors="0" timestamp="2021-04-19T19:07:03 IST" skipped="0">
  <testcase classname="com.tranzack.LoginVerification" name="exceldata" time="5.037"/>
  <system-out/>
  <testcase classname="com.tranzack.LoginVerification" name="exceldata" time="4.801"/>
  <system-out/>
  <testcase classname="com.tranzack.LoginVerification" name="exceldata" time="4.547"/>
  <system-out/>
  <testcase classname="com.tranzack.LoginVerification" name="exceldata" time="5.840"/>
  <system-out/>
  <testcase classname="com.tranzack.LoginVerification" name="exceldata" time="6.231"/>
  <system-out/>
</testsuite> <!-- com.tranzack.LoginVerification -->
