<?xml version="1.0" encoding="UTF-8"?>
<!-- Generated by org.testng.reporters.JUnitReportReporter -->
<testsuite hostname="Bikash" failures="0" tests="2" name="com.tranzack.Airface" time="25.889" errors="0" timestamp="2021-05-13T14:40:38 IST" skipped="0">
  <testcase classname="com.tranzack.Airface" name="Airfaceloginpage" time="14.097"/>
  <system-out/>
  <testcase classname="com.tranzack.Airface" name="Airfaceloginpage" time="11.792"/>
  <system-out/>
</testsuite> <!-- com.tranzack.Airface -->
