<?xml version="1.0" encoding="UTF-8"?>
<!-- Generated by org.testng.reporters.JUnitReportReporter -->
<testsuite hostname="Bikash" failures="0" tests="2" name="com.NewframeWork.Newframework.Login" time="23.086" errors="0" timestamp="2021-02-21T13:45:57 IST" skipped="0">
  <testcase classname="com.NewframeWork.Newframework.Login" name="test1" time="11.907"/>
  <system-out/>
  <testcase classname="com.NewframeWork.Newframework.Login" name="test2" time="11.179"/>
  <system-out/>
</testsuite> <!-- com.NewframeWork.Newframework.Login -->
